2019-10-04 09:08:40.069  INFO 1252 --- [restartedMain] com.cg.EmployeeCodeApplication           : Starting EmployeeCodeApplication on PUNHWD12816 with PID 1252 (C:\CloudBatchDemo\PLP\EmployeeCode\target\classes started by sagrawa5 in C:\CloudBatchDemo\PLP\EmployeeCode)
2019-10-04 09:08:40.190  INFO 1252 --- [restartedMain] com.cg.EmployeeCodeApplication           : No active profile set, falling back to default profiles: default
2019-10-04 09:08:40.218  INFO 1252 --- [restartedMain] .e.DevToolsPropertyDefaultsPostProcessor : Devtools property defaults active! Set 'spring.devtools.add-properties' to 'false' to disable
2019-10-04 09:08:40.218  INFO 1252 --- [restartedMain] .e.DevToolsPropertyDefaultsPostProcessor : For additional web related logging consider setting the 'logging.level.web' property to 'DEBUG'
2019-10-04 09:08:41.143  INFO 1252 --- [restartedMain] .s.d.r.c.RepositoryConfigurationDelegate : Bootstrapping Spring Data repositories in DEFAULT mode.
2019-10-04 09:08:41.191  INFO 1252 --- [restartedMain] .s.d.r.c.RepositoryConfigurationDelegate : Finished Spring Data repository scanning in 43ms. Found 1 repository interfaces.
2019-10-04 09:08:41.424  INFO 1252 --- [restartedMain] trationDelegate$BeanPostProcessorChecker : Bean 'org.springframework.transaction.annotation.ProxyTransactionManagementConfiguration' of type [org.springframework.transaction.annotation.ProxyTransactionManagementConfiguration$$EnhancerBySpringCGLIB$$c9237e45] is not eligible for getting processed by all BeanPostProcessors (for example: not eligible for auto-proxying)
2019-10-04 09:08:41.688  INFO 1252 --- [restartedMain] o.s.b.w.embedded.tomcat.TomcatWebServer  : Tomcat initialized with port(s): 8081 (http)
2019-10-04 09:08:41.704  INFO 1252 --- [restartedMain] o.apache.catalina.core.StandardService   : Starting service [Tomcat]
2019-10-04 09:08:41.704  INFO 1252 --- [restartedMain] org.apache.catalina.core.StandardEngine  : Starting Servlet engine: [Apache Tomcat/9.0.24]
2019-10-04 09:08:41.839  INFO 1252 --- [restartedMain] o.a.c.c.C.[Tomcat].[localhost].[/]       : Initializing Spring embedded WebApplicationContext
2019-10-04 09:08:41.839  INFO 1252 --- [restartedMain] o.s.web.context.ContextLoader            : Root WebApplicationContext: initialization completed in 1621 ms
2019-10-04 09:08:41.945  INFO 1252 --- [restartedMain] com.zaxxer.hikari.HikariDataSource       : HikariPool-1 - Starting...
2019-10-04 09:08:42.037  INFO 1252 --- [restartedMain] com.zaxxer.hikari.HikariDataSource       : HikariPool-1 - Start completed.
2019-10-04 09:08:42.070  INFO 1252 --- [restartedMain] o.hibernate.jpa.internal.util.LogHelper  : HHH000204: Processing PersistenceUnitInfo [
	name: default
	...]
2019-10-04 09:08:42.180  INFO 1252 --- [restartedMain] org.hibernate.Version                    : HHH000412: Hibernate Core {5.3.11.Final}
2019-10-04 09:08:42.181  INFO 1252 --- [restartedMain] org.hibernate.cfg.Environment            : HHH000206: hibernate.properties not found
2019-10-04 09:08:42.271  INFO 1252 --- [restartedMain] o.hibernate.annotations.common.Version   : HCANN000001: Hibernate Commons Annotations {5.0.4.Final}
2019-10-04 09:08:42.367  INFO 1252 --- [restartedMain] org.hibernate.dialect.Dialect            : HHH000400: Using dialect: org.hibernate.dialect.MariaDB103Dialect
2019-10-04 09:08:43.344  INFO 1252 --- [restartedMain] j.LocalContainerEntityManagerFactoryBean : Initialized JPA EntityManagerFactory for persistence unit 'default'
2019-10-04 09:08:43.386  INFO 1252 --- [restartedMain] o.s.b.d.a.OptionalLiveReloadServer       : LiveReload server is running on port 35729
2019-10-04 09:08:43.672  INFO 1252 --- [restartedMain] o.s.s.concurrent.ThreadPoolTaskExecutor  : Initializing ExecutorService 'applicationTaskExecutor'
2019-10-04 09:08:43.700  WARN 1252 --- [restartedMain] aWebConfiguration$JpaWebMvcConfiguration : spring.jpa.open-in-view is enabled by default. Therefore, database queries may be performed during view rendering. Explicitly configure spring.jpa.open-in-view to disable this warning
2019-10-04 09:08:43.857  INFO 1252 --- [restartedMain] o.s.b.w.embedded.tomcat.TomcatWebServer  : Tomcat started on port(s): 8081 (http) with context path ''
2019-10-04 09:08:43.859  INFO 1252 --- [restartedMain] com.cg.EmployeeCodeApplication           : Started EmployeeCodeApplication in 4.06 seconds (JVM running for 4.755)
2019-10-04 09:09:24.889  INFO 1252 --- [http-nio-8081-exec-1] o.a.c.c.C.[Tomcat].[localhost].[/]       : Initializing Spring DispatcherServlet 'dispatcherServlet'
2019-10-04 09:09:24.889  INFO 1252 --- [http-nio-8081-exec-1] o.s.web.servlet.DispatcherServlet        : Initializing Servlet 'dispatcherServlet'
2019-10-04 09:09:24.897  INFO 1252 --- [http-nio-8081-exec-1] o.s.web.servlet.DispatcherServlet        : Completed initialization in 7 ms
2019-10-04 09:09:24.956  INFO 1252 --- [http-nio-8081-exec-1] o.h.h.i.QueryTranslatorFactoryInitiator  : HHH000397: Using ASTQueryTranslatorFactory
2019-10-04 09:09:25.024  INFO 1252 --- [http-nio-8081-exec-1] com.cg.ctrl.EmployeeController           : Returning List of records
2019-10-04 09:12:11.384  INFO 1252 --- [http-nio-8081-exec-3] com.cg.ctrl.EmployeeController           : Returning List of records
2019-10-04 09:12:35.884  INFO 1252 --- [http-nio-8081-exec-4] com.cg.ctrl.EmployeeController           : Finding Employee By ID
2019-10-04 09:13:15.101  INFO 1252 --- [http-nio-8081-exec-5] com.cg.ctrl.EmployeeController           : Finding Employee By ID
2019-10-04 09:13:41.211  INFO 1252 --- [http-nio-8081-exec-6] com.cg.ctrl.EmployeeController           : Finding Employee By ID
2019-10-04 09:38:37.863  INFO 9360 --- [main] com.cg.EmployeeCodeApplicationTests      : Starting EmployeeCodeApplicationTests on PUNHWD12816 with PID 9360 (started by sagrawa5 in C:\CloudBatchDemo\PLP\EmployeeCode)
2019-10-04 09:38:37.866  INFO 9360 --- [main] com.cg.EmployeeCodeApplicationTests      : No active profile set, falling back to default profiles: default
2019-10-04 09:38:38.448  INFO 9360 --- [main] .s.d.r.c.RepositoryConfigurationDelegate : Bootstrapping Spring Data repositories in DEFAULT mode.
2019-10-04 09:38:38.513  INFO 9360 --- [main] .s.d.r.c.RepositoryConfigurationDelegate : Finished Spring Data repository scanning in 57ms. Found 1 repository interfaces.
2019-10-04 09:38:38.870  INFO 9360 --- [main] trationDelegate$BeanPostProcessorChecker : Bean 'org.springframework.transaction.annotation.ProxyTransactionManagementConfiguration' of type [org.springframework.transaction.annotation.ProxyTransactionManagementConfiguration$$EnhancerBySpringCGLIB$$cfb11019] is not eligible for getting processed by all BeanPostProcessors (for example: not eligible for auto-proxying)
2019-10-04 09:38:39.157  INFO 9360 --- [main] com.zaxxer.hikari.HikariDataSource       : HikariPool-1 - Starting...
2019-10-04 09:38:39.217  INFO 9360 --- [main] com.zaxxer.hikari.HikariDataSource       : HikariPool-1 - Start completed.
2019-10-04 09:38:39.281  INFO 9360 --- [main] o.hibernate.jpa.internal.util.LogHelper  : HHH000204: Processing PersistenceUnitInfo [
	name: default
	...]
2019-10-04 09:38:39.404  INFO 9360 --- [main] org.hibernate.Version                    : HHH000412: Hibernate Core {5.3.11.Final}
2019-10-04 09:38:39.407  INFO 9360 --- [main] org.hibernate.cfg.Environment            : HHH000206: hibernate.properties not found
2019-10-04 09:38:39.542  INFO 9360 --- [main] o.hibernate.annotations.common.Version   : HCANN000001: Hibernate Commons Annotations {5.0.4.Final}
2019-10-04 09:38:39.728  INFO 9360 --- [main] org.hibernate.dialect.Dialect            : HHH000400: Using dialect: org.hibernate.dialect.MariaDB103Dialect
2019-10-04 09:38:40.464  INFO 9360 --- [main] j.LocalContainerEntityManagerFactoryBean : Initialized JPA EntityManagerFactory for persistence unit 'default'
2019-10-04 09:38:41.268  INFO 9360 --- [main] o.s.s.concurrent.ThreadPoolTaskExecutor  : Initializing ExecutorService 'applicationTaskExecutor'
2019-10-04 09:38:41.326  WARN 9360 --- [main] aWebConfiguration$JpaWebMvcConfiguration : spring.jpa.open-in-view is enabled by default. Therefore, database queries may be performed during view rendering. Explicitly configure spring.jpa.open-in-view to disable this warning
2019-10-04 09:38:41.642  INFO 9360 --- [main] com.cg.EmployeeCodeApplicationTests      : Started EmployeeCodeApplicationTests in 4.074 seconds (JVM running for 5.149)
2019-10-04 09:38:41.867  INFO 9360 --- [main] com.cg.ctrl.EmployeeController           : Finding Employee By ID
2019-10-04 09:38:41.890  INFO 9360 --- [main] com.cg.ctrl.EmployeeController           : Employee Deleted
2019-10-04 09:38:41.894  INFO 9360 --- [main] com.cg.ctrl.EmployeeController           : Employee Info Added Successfully
2019-10-04 09:38:41.901  INFO 9360 --- [main] com.cg.ctrl.EmployeeController           : Returning List of records
2019-10-04 09:38:41.906  INFO 9360 --- [main] com.cg.ctrl.EmployeeController           : Employee Info Updated of ID: 2
2019-10-04 09:38:41.926  INFO 9360 --- [Thread-3] o.s.s.concurrent.ThreadPoolTaskExecutor  : Shutting down ExecutorService 'applicationTaskExecutor'
2019-10-04 09:38:41.928  INFO 9360 --- [Thread-3] j.LocalContainerEntityManagerFactoryBean : Closing JPA EntityManagerFactory for persistence unit 'default'
2019-10-04 09:38:41.931  INFO 9360 --- [Thread-3] com.zaxxer.hikari.HikariDataSource       : HikariPool-1 - Shutdown initiated...
2019-10-04 09:38:41.937  INFO 9360 --- [Thread-3] com.zaxxer.hikari.HikariDataSource       : HikariPool-1 - Shutdown completed.
2019-10-04 09:45:50.934  INFO 1252 --- [http-nio-8081-exec-8] com.cg.ctrl.EmployeeController           : Finding Employee By ID
2019-10-04 09:46:01.534  INFO 1252 --- [http-nio-8081-exec-9] com.cg.ctrl.EmployeeController           : Finding Employee By ID
2019-10-04 10:03:35.233  INFO 1252 --- [Thread-5] o.s.s.concurrent.ThreadPoolTaskExecutor  : Shutting down ExecutorService 'applicationTaskExecutor'
2019-10-04 10:03:35.233  INFO 1252 --- [Thread-5] j.LocalContainerEntityManagerFactoryBean : Closing JPA EntityManagerFactory for persistence unit 'default'
2019-10-04 10:03:35.234  INFO 1252 --- [Thread-5] com.zaxxer.hikari.HikariDataSource       : HikariPool-1 - Shutdown initiated...
2019-10-04 10:03:35.234  INFO 1252 --- [Thread-5] com.zaxxer.hikari.HikariDataSource       : HikariPool-1 - Shutdown completed.
2019-10-04 10:03:35.484  INFO 1252 --- [restartedMain] com.cg.EmployeeCodeApplication           : Starting EmployeeCodeApplication on PUNHWD12816 with PID 1252 (C:\CloudBatchDemo\PLP\EmployeeCode\target\classes started by sagrawa5 in C:\CloudBatchDemo\PLP\EmployeeCode)
2019-10-04 10:03:35.484  INFO 1252 --- [restartedMain] com.cg.EmployeeCodeApplication           : No active profile set, falling back to default profiles: default
2019-10-04 10:03:35.672  INFO 1252 --- [restartedMain] .s.d.r.c.RepositoryConfigurationDelegate : Bootstrapping Spring Data repositories in DEFAULT mode.
2019-10-04 10:03:35.672  INFO 1252 --- [restartedMain] .s.d.r.c.RepositoryConfigurationDelegate : Finished Spring Data repository scanning in 0ms. Found 1 repository interfaces.
2019-10-04 10:03:35.718  INFO 1252 --- [restartedMain] trationDelegate$BeanPostProcessorChecker : Bean 'org.springframework.transaction.annotation.ProxyTransactionManagementConfiguration' of type [org.springframework.transaction.annotation.ProxyTransactionManagementConfiguration$$EnhancerBySpringCGLIB$$c9237e45] is not eligible for getting processed by all BeanPostProcessors (for example: not eligible for auto-proxying)
2019-10-04 10:03:35.859  INFO 1252 --- [restartedMain] o.s.b.w.embedded.tomcat.TomcatWebServer  : Tomcat initialized with port(s): 8081 (http)
2019-10-04 10:03:35.859  INFO 1252 --- [restartedMain] o.apache.catalina.core.StandardService   : Starting service [Tomcat]
2019-10-04 10:03:35.859  INFO 1252 --- [restartedMain] org.apache.catalina.core.StandardEngine  : Starting Servlet engine: [Apache Tomcat/9.0.24]
2019-10-04 10:03:35.921  INFO 1252 --- [restartedMain] o.a.c.c.C.[Tomcat].[localhost].[/]       : Initializing Spring embedded WebApplicationContext
2019-10-04 10:03:35.921  INFO 1252 --- [restartedMain] o.s.web.context.ContextLoader            : Root WebApplicationContext: initialization completed in 437 ms
2019-10-04 10:03:35.968  INFO 1252 --- [restartedMain] com.zaxxer.hikari.HikariDataSource       : HikariPool-2 - Starting...
2019-10-04 10:03:35.968  INFO 1252 --- [restartedMain] com.zaxxer.hikari.HikariDataSource       : HikariPool-2 - Start completed.
2019-10-04 10:03:35.984  INFO 1252 --- [restartedMain] o.hibernate.jpa.internal.util.LogHelper  : HHH000204: Processing PersistenceUnitInfo [
	name: default
	...]
2019-10-04 10:03:35.999  INFO 1252 --- [restartedMain] org.hibernate.dialect.Dialect            : HHH000400: Using dialect: org.hibernate.dialect.MariaDB103Dialect
2019-10-04 10:03:36.202  INFO 1252 --- [restartedMain] j.LocalContainerEntityManagerFactoryBean : Initialized JPA EntityManagerFactory for persistence unit 'default'
2019-10-04 10:03:36.218  INFO 1252 --- [restartedMain] o.s.b.d.a.OptionalLiveReloadServer       : LiveReload server is running on port 35729
2019-10-04 10:03:36.311  INFO 1252 --- [restartedMain] o.s.s.concurrent.ThreadPoolTaskExecutor  : Initializing ExecutorService 'applicationTaskExecutor'
2019-10-04 10:03:36.311  WARN 1252 --- [restartedMain] aWebConfiguration$JpaWebMvcConfiguration : spring.jpa.open-in-view is enabled by default. Therefore, database queries may be performed during view rendering. Explicitly configure spring.jpa.open-in-view to disable this warning
2019-10-04 10:03:36.390  INFO 1252 --- [restartedMain] o.s.b.w.embedded.tomcat.TomcatWebServer  : Tomcat started on port(s): 8081 (http) with context path ''
2019-10-04 10:03:36.390  INFO 1252 --- [restartedMain] com.cg.EmployeeCodeApplication           : Started EmployeeCodeApplication in 0.952 seconds (JVM running for 3297.244)
2019-10-04 10:03:36.390  INFO 1252 --- [restartedMain] .ConditionEvaluationDeltaLoggingListener : Condition evaluation unchanged
